<?xml version="1.0" encoding="UTF-8"?>
<testsuite xmlns:xsi="http://www.w3.org/2001/XMLSchema-instance" xsi:noNamespaceSchemaLocation="https://maven.apache.org/surefire/maven-surefire-plugin/xsd/surefire-test-report.xsd" name="ru.bmstu.iu3.table.TableParserTest" time="0" tests="4" errors="0" skipped="0" failures="0">
  <properties>
[...]
</properties>
  <testcase name="quotedFieldWithComma" classname="ru.bmstu.iu3.table.TableParserTest" time="0"/>
  <testcase name="parsesDishesFromCsv" classname="ru.bmstu.iu3.table.TableParserTest" time="0"/>
  <testcase name="semicolonDelimiter" classname="ru.bmstu.iu3.table.TableParserTest" time="0"/>
  <testcase name="rejectsBadPrice" classname="ru.bmstu.iu3.table.TableParserTest" time="0"/>
</testsuite>